[0.844s] Invoking command in '/home/akshay/drone_ws/build/autotracker': AMENT_PREFIX_PATH=/home/akshay/drone_ws/install/px4_msgs:${AMENT_PREFIX_PATH} CMAKE_PREFIX_PATH=/home/akshay/drone_ws/install/px4_msgs LD_LIBRARY_PATH=/home/akshay/drone_ws/install/px4_msgs/lib:${LD_LIBRARY_PATH} PYTHONPATH=/home/akshay/drone_ws/build/autotracker/prefix_override:/usr/lib/python3/dist-packages/colcon_core/task/python/colcon_distutils_commands:/home/akshay/drone_ws/install/autotracker/lib/python3.10/site-packages:/home/akshay/drone_ws/install/px4_msgs/local/lib/python3.10/dist-packages:${PYTHONPATH} /usr/bin/python3 -W ignore:setup.py install is deprecated -W ignore:easy_install command is deprecated setup.py develop --editable --build-directory /home/akshay/drone_ws/build/autotracker/build --no-deps symlink_data
[1.094s] running develop
[1.285s] running egg_info
[1.285s] creating autotracker.egg-info
[1.286s] writing autotracker.egg-info/PKG-INFO
[1.286s] writing dependency_links to autotracker.egg-info/dependency_links.txt
[1.286s] writing entry points to autotracker.egg-info/entry_points.txt
[1.286s] writing requirements to autotracker.egg-info/requires.txt
[1.286s] writing top-level names to autotracker.egg-info/top_level.txt
[1.286s] writing manifest file 'autotracker.egg-info/SOURCES.txt'
[1.287s] reading manifest file 'autotracker.egg-info/SOURCES.txt'
[1.288s] writing manifest file 'autotracker.egg-info/SOURCES.txt'
[1.318s] running build_ext
[1.318s] Creating /home/akshay/drone_ws/install/autotracker/lib/python3.10/site-packages/autotracker.egg-link (link to .)
[1.318s] 
[1.319s] Installed /home/akshay/drone_ws/build/autotracker
[1.319s] running symlink_data
[1.319s] creating /home/akshay/drone_ws/install/autotracker/share/ament_index
[1.319s] creating /home/akshay/drone_ws/install/autotracker/share/ament_index/resource_index
[1.319s] creating /home/akshay/drone_ws/install/autotracker/share/ament_index/resource_index/packages
[1.319s] symbolically linking /home/akshay/drone_ws/build/autotracker/resource/autotracker -> /home/akshay/drone_ws/install/autotracker/share/ament_index/resource_index/packages
[1.319s] symbolically linking /home/akshay/drone_ws/build/autotracker/package.xml -> /home/akshay/drone_ws/install/autotracker/share/autotracker
[1.381s] Invoked command in '/home/akshay/drone_ws/build/autotracker' returned '0': AMENT_PREFIX_PATH=/home/akshay/drone_ws/install/px4_msgs:${AMENT_PREFIX_PATH} CMAKE_PREFIX_PATH=/home/akshay/drone_ws/install/px4_msgs LD_LIBRARY_PATH=/home/akshay/drone_ws/install/px4_msgs/lib:${LD_LIBRARY_PATH} PYTHONPATH=/home/akshay/drone_ws/build/autotracker/prefix_override:/usr/lib/python3/dist-packages/colcon_core/task/python/colcon_distutils_commands:/home/akshay/drone_ws/install/autotracker/lib/python3.10/site-packages:/home/akshay/drone_ws/install/px4_msgs/local/lib/python3.10/dist-packages:${PYTHONPATH} /usr/bin/python3 -W ignore:setup.py install is deprecated -W ignore:easy_install command is deprecated setup.py develop --editable --build-directory /home/akshay/drone_ws/build/autotracker/build --no-deps symlink_data
