[0.076s] DEBUG:colcon:Command line arguments: ['/usr/bin/colcon', 'build']
[0.076s] DEBUG:colcon:Parsed command line arguments: Namespace(log_base=None, log_level=None, verb_name='build', build_base='build', install_base='install', merge_install=False, symlink_install=False, test_result_base=None, continue_on_error=False, executor='parallel', parallel_workers=16, event_handlers=None, ignore_user_meta=False, metas=['./colcon.meta'], base_paths=['.'], packages_ignore=None, packages_ignore_regex=None, paths=None, packages_up_to=None, packages_up_to_regex=None, packages_above=None, packages_above_and_dependencies=None, packages_above_depth=None, packages_select_by_dep=None, packages_skip_by_dep=None, packages_skip_up_to=None, packages_select_build_failed=False, packages_skip_build_finished=False, packages_select_test_failures=False, packages_skip_test_passed=False, packages_select=None, packages_skip=None, packages_select_regex=None, packages_skip_regex=None, packages_start=None, packages_end=None, allow_overriding=[], cmake_args=None, cmake_target=None, cmake_target_skip_unavailable=False, cmake_clean_cache=False, cmake_clean_first=False, cmake_force_configure=False, ament_cmake_args=None, catkin_cmake_args=None, catkin_skip_building_tests=False, verb_parser=<colcon_defaults.argument_parser.defaults.DefaultArgumentsDecorator object at 0x74ff367f2410>, verb_extension=<colcon_core.verb.build.BuildVerb object at 0x74ff367f1ea0>, main=<bound method BuildVerb.main of <colcon_core.verb.build.BuildVerb object at 0x74ff367f1ea0>>)
[0.229s] Level 1:colcon.colcon_core.package_discovery:discover_packages(colcon_meta) check parameters
[0.229s] Level 1:colcon.colcon_core.package_discovery:discover_packages(recursive) check parameters
[0.229s] Level 1:colcon.colcon_core.package_discovery:discover_packages(ignore) check parameters
[0.229s] Level 1:colcon.colcon_core.package_discovery:discover_packages(path) check parameters
[0.229s] Level 1:colcon.colcon_core.package_discovery:discover_packages(colcon_meta) discover
[0.229s] Level 1:colcon.colcon_core.package_discovery:discover_packages(recursive) discover
[0.229s] INFO:colcon.colcon_core.package_discovery:Crawling recursively for packages in '/home/akshay/drone_ws'
[0.229s] Level 1:colcon.colcon_core.package_identification:_identify(.) by extensions ['ignore', 'ignore_ament_install']
[0.229s] Level 1:colcon.colcon_core.package_identification:_identify(.) by extension 'ignore'
[0.229s] Level 1:colcon.colcon_core.package_identification:_identify(.) by extension 'ignore_ament_install'
[0.229s] Level 1:colcon.colcon_core.package_identification:_identify(.) by extensions ['colcon_pkg']
[0.229s] Level 1:colcon.colcon_core.package_identification:_identify(.) by extension 'colcon_pkg'
[0.229s] Level 1:colcon.colcon_core.package_identification:_identify(.) by extensions ['colcon_meta']
[0.230s] Level 1:colcon.colcon_core.package_identification:_identify(.) by extension 'colcon_meta'
[0.230s] Level 1:colcon.colcon_core.package_identification:_identify(.) by extensions ['ros']
[0.230s] Level 1:colcon.colcon_core.package_identification:_identify(.) by extension 'ros'
[0.238s] Level 1:colcon.colcon_core.package_identification:_identify(.) by extensions ['cmake', 'python']
[0.238s] Level 1:colcon.colcon_core.package_identification:_identify(.) by extension 'cmake'
[0.238s] Level 1:colcon.colcon_core.package_identification:_identify(.) by extension 'python'
[0.238s] Level 1:colcon.colcon_core.package_identification:_identify(.) by extensions ['python_setup_py']
[0.238s] Level 1:colcon.colcon_core.package_identification:_identify(.) by extension 'python_setup_py'
[0.238s] Level 1:colcon.colcon_core.package_identification:_identify(build) by extensions ['ignore', 'ignore_ament_install']
[0.238s] Level 1:colcon.colcon_core.package_identification:_identify(build) by extension 'ignore'
[0.238s] Level 1:colcon.colcon_core.package_identification:_identify(build) ignored
[0.238s] Level 1:colcon.colcon_core.package_identification:_identify(install) by extensions ['ignore', 'ignore_ament_install']
[0.238s] Level 1:colcon.colcon_core.package_identification:_identify(install) by extension 'ignore'
[0.238s] Level 1:colcon.colcon_core.package_identification:_identify(install) ignored
[0.238s] Level 1:colcon.colcon_core.package_identification:_identify(log) by extensions ['ignore', 'ignore_ament_install']
[0.239s] Level 1:colcon.colcon_core.package_identification:_identify(log) by extension 'ignore'
[0.239s] Level 1:colcon.colcon_core.package_identification:_identify(log) ignored
[0.239s] Level 1:colcon.colcon_core.package_identification:_identify(src) by extensions ['ignore', 'ignore_ament_install']
[0.239s] Level 1:colcon.colcon_core.package_identification:_identify(src) by extension 'ignore'
[0.239s] Level 1:colcon.colcon_core.package_identification:_identify(src) by extension 'ignore_ament_install'
[0.239s] Level 1:colcon.colcon_core.package_identification:_identify(src) by extensions ['colcon_pkg']
[0.239s] Level 1:colcon.colcon_core.package_identification:_identify(src) by extension 'colcon_pkg'
[0.239s] Level 1:colcon.colcon_core.package_identification:_identify(src) by extensions ['colcon_meta']
[0.239s] Level 1:colcon.colcon_core.package_identification:_identify(src) by extension 'colcon_meta'
[0.239s] Level 1:colcon.colcon_core.package_identification:_identify(src) by extensions ['ros']
[0.239s] Level 1:colcon.colcon_core.package_identification:_identify(src) by extension 'ros'
[0.239s] Level 1:colcon.colcon_core.package_identification:_identify(src) by extensions ['cmake', 'python']
[0.239s] Level 1:colcon.colcon_core.package_identification:_identify(src) by extension 'cmake'
[0.239s] Level 1:colcon.colcon_core.package_identification:_identify(src) by extension 'python'
[0.239s] Level 1:colcon.colcon_core.package_identification:_identify(src) by extensions ['python_setup_py']
[0.239s] Level 1:colcon.colcon_core.package_identification:_identify(src) by extension 'python_setup_py'
[0.239s] Level 1:colcon.colcon_core.package_identification:_identify(src/px4_msgs) by extensions ['ignore', 'ignore_ament_install']
[0.239s] Level 1:colcon.colcon_core.package_identification:_identify(src/px4_msgs) by extension 'ignore'
[0.239s] Level 1:colcon.colcon_core.package_identification:_identify(src/px4_msgs) by extension 'ignore_ament_install'
[0.239s] Level 1:colcon.colcon_core.package_identification:_identify(src/px4_msgs) by extensions ['colcon_pkg']
[0.239s] Level 1:colcon.colcon_core.package_identification:_identify(src/px4_msgs) by extension 'colcon_pkg'
[0.239s] Level 1:colcon.colcon_core.package_identification:_identify(src/px4_msgs) by extensions ['colcon_meta']
[0.239s] Level 1:colcon.colcon_core.package_identification:_identify(src/px4_msgs) by extension 'colcon_meta'
[0.239s] Level 1:colcon.colcon_core.package_identification:_identify(src/px4_msgs) by extensions ['ros']
[0.239s] Level 1:colcon.colcon_core.package_identification:_identify(src/px4_msgs) by extension 'ros'
[0.241s] DEBUG:colcon.colcon_core.package_identification:Package 'src/px4_msgs' with type 'ros.ament_cmake' and name 'px4_msgs'
[0.241s] Level 1:colcon.colcon_core.package_identification:_identify(src/px4_ros_com) by extensions ['ignore', 'ignore_ament_install']
[0.241s] Level 1:colcon.colcon_core.package_identification:_identify(src/px4_ros_com) by extension 'ignore'
[0.241s] Level 1:colcon.colcon_core.package_identification:_identify(src/px4_ros_com) by extension 'ignore_ament_install'
[0.241s] Level 1:colcon.colcon_core.package_identification:_identify(src/px4_ros_com) by extensions ['colcon_pkg']
[0.241s] Level 1:colcon.colcon_core.package_identification:_identify(src/px4_ros_com) by extension 'colcon_pkg'
[0.241s] Level 1:colcon.colcon_core.package_identification:_identify(src/px4_ros_com) by extensions ['colcon_meta']
[0.241s] Level 1:colcon.colcon_core.package_identification:_identify(src/px4_ros_com) by extension 'colcon_meta'
[0.241s] Level 1:colcon.colcon_core.package_identification:_identify(src/px4_ros_com) by extensions ['ros']
[0.242s] Level 1:colcon.colcon_core.package_identification:_identify(src/px4_ros_com) by extension 'ros'
[0.252s] DEBUG:colcon.colcon_core.package_identification:Package 'src/px4_ros_com' with type 'ros.ament_cmake' and name 'px4_ros_com'
[0.252s] Level 1:colcon.colcon_core.package_discovery:discover_packages(recursive) using defaults
[0.252s] Level 1:colcon.colcon_core.package_discovery:discover_packages(ignore) discover
[0.252s] Level 1:colcon.colcon_core.package_discovery:discover_packages(ignore) using defaults
[0.252s] Level 1:colcon.colcon_core.package_discovery:discover_packages(path) discover
[0.252s] Level 1:colcon.colcon_core.package_discovery:discover_packages(path) using defaults
[0.266s] Level 1:colcon.colcon_core.package_discovery:discover_packages(prefix_path) check parameters
[0.266s] Level 1:colcon.colcon_core.package_discovery:discover_packages(prefix_path) discover
[0.268s] DEBUG:colcon.colcon_installed_package_information.package_discovery:Found 432 installed packages in /opt/ros/humble
[0.269s] Level 1:colcon.colcon_core.package_discovery:discover_packages(prefix_path) using defaults
[0.308s] Level 5:colcon.colcon_core.verb:set package 'px4_msgs' build argument 'cmake_args' from command line to 'None'
[0.308s] Level 5:colcon.colcon_core.verb:set package 'px4_msgs' build argument 'cmake_target' from command line to 'None'
[0.308s] Level 5:colcon.colcon_core.verb:set package 'px4_msgs' build argument 'cmake_target_skip_unavailable' from command line to 'False'
[0.308s] Level 5:colcon.colcon_core.verb:set package 'px4_msgs' build argument 'cmake_clean_cache' from command line to 'False'
[0.308s] Level 5:colcon.colcon_core.verb:set package 'px4_msgs' build argument 'cmake_clean_first' from command line to 'False'
[0.308s] Level 5:colcon.colcon_core.verb:set package 'px4_msgs' build argument 'cmake_force_configure' from command line to 'False'
[0.308s] Level 5:colcon.colcon_core.verb:set package 'px4_msgs' build argument 'ament_cmake_args' from command line to 'None'
[0.308s] Level 5:colcon.colcon_core.verb:set package 'px4_msgs' build argument 'catkin_cmake_args' from command line to 'None'
[0.308s] Level 5:colcon.colcon_core.verb:set package 'px4_msgs' build argument 'catkin_skip_building_tests' from command line to 'False'
[0.308s] DEBUG:colcon.colcon_core.verb:Building package 'px4_msgs' with the following arguments: {'ament_cmake_args': None, 'build_base': '/home/akshay/drone_ws/build/px4_msgs', 'catkin_cmake_args': None, 'catkin_skip_building_tests': False, 'cmake_args': None, 'cmake_clean_cache': False, 'cmake_clean_first': False, 'cmake_force_configure': False, 'cmake_target': None, 'cmake_target_skip_unavailable': False, 'install_base': '/home/akshay/drone_ws/install/px4_msgs', 'merge_install': False, 'path': '/home/akshay/drone_ws/src/px4_msgs', 'symlink_install': False, 'test_result_base': None}
[0.308s] Level 5:colcon.colcon_core.verb:set package 'px4_ros_com' build argument 'cmake_args' from command line to 'None'
[0.308s] Level 5:colcon.colcon_core.verb:set package 'px4_ros_com' build argument 'cmake_target' from command line to 'None'
[0.308s] Level 5:colcon.colcon_core.verb:set package 'px4_ros_com' build argument 'cmake_target_skip_unavailable' from command line to 'False'
[0.308s] Level 5:colcon.colcon_core.verb:set package 'px4_ros_com' build argument 'cmake_clean_cache' from command line to 'False'
[0.308s] Level 5:colcon.colcon_core.verb:set package 'px4_ros_com' build argument 'cmake_clean_first' from command line to 'False'
[0.308s] Level 5:colcon.colcon_core.verb:set package 'px4_ros_com' build argument 'cmake_force_configure' from command line to 'False'
[0.308s] Level 5:colcon.colcon_core.verb:set package 'px4_ros_com' build argument 'ament_cmake_args' from command line to 'None'
[0.308s] Level 5:colcon.colcon_core.verb:set package 'px4_ros_com' build argument 'catkin_cmake_args' from command line to 'None'
[0.308s] Level 5:colcon.colcon_core.verb:set package 'px4_ros_com' build argument 'catkin_skip_building_tests' from command line to 'False'
[0.309s] DEBUG:colcon.colcon_core.verb:Building package 'px4_ros_com' with the following arguments: {'ament_cmake_args': None, 'build_base': '/home/akshay/drone_ws/build/px4_ros_com', 'catkin_cmake_args': None, 'catkin_skip_building_tests': False, 'cmake_args': None, 'cmake_clean_cache': False, 'cmake_clean_first': False, 'cmake_force_configure': False, 'cmake_target': None, 'cmake_target_skip_unavailable': False, 'install_base': '/home/akshay/drone_ws/install/px4_ros_com', 'merge_install': False, 'path': '/home/akshay/drone_ws/src/px4_ros_com', 'symlink_install': False, 'test_result_base': None}
[0.309s] INFO:colcon.colcon_core.executor:Executing jobs using 'parallel' executor
[0.310s] DEBUG:colcon.colcon_parallel_executor.executor.parallel:run_until_complete
[0.310s] INFO:colcon.colcon_ros.task.ament_cmake.build:Building ROS package in '/home/akshay/drone_ws/src/px4_msgs' with build type 'ament_cmake'
[0.310s] INFO:colcon.colcon_cmake.task.cmake.build:Building CMake package in '/home/akshay/drone_ws/src/px4_msgs'
[0.311s] INFO:colcon.colcon_core.plugin_system:Skipping extension 'colcon_core.shell.bat': Not used on non-Windows systems
[0.311s] INFO:colcon.colcon_core.shell:Skip shell extension 'powershell' for command environment: Not usable outside of PowerShell
[0.312s] DEBUG:colcon.colcon_core.shell:Skip shell extension 'dsv' for command environment
[0.319s] DEBUG:colcon.colcon_core.event_handler.log_command:Invoking command in '/home/akshay/drone_ws/build/px4_msgs': CMAKE_PREFIX_PATH=/opt/ros/humble /usr/bin/cmake /home/akshay/drone_ws/src/px4_msgs -DCMAKE_INSTALL_PREFIX=/home/akshay/drone_ws/install/px4_msgs
[2.800s] DEBUG:colcon.colcon_core.event_handler.log_command:Invoked command in '/home/akshay/drone_ws/build/px4_msgs' returned '0': CMAKE_PREFIX_PATH=/opt/ros/humble /usr/bin/cmake /home/akshay/drone_ws/src/px4_msgs -DCMAKE_INSTALL_PREFIX=/home/akshay/drone_ws/install/px4_msgs
[2.802s] DEBUG:colcon.colcon_core.event_handler.log_command:Invoking command in '/home/akshay/drone_ws/build/px4_msgs': CMAKE_PREFIX_PATH=/opt/ros/humble /usr/bin/cmake --build /home/akshay/drone_ws/build/px4_msgs -- -j16 -l16
[157.103s] DEBUG:colcon.colcon_core.event_handler.log_command:Invoked command in '/home/akshay/drone_ws/build/px4_msgs' returned '0': CMAKE_PREFIX_PATH=/opt/ros/humble /usr/bin/cmake --build /home/akshay/drone_ws/build/px4_msgs -- -j16 -l16
[157.111s] DEBUG:colcon.colcon_core.event_handler.log_command:Invoking command in '/home/akshay/drone_ws/build/px4_msgs': CMAKE_PREFIX_PATH=/opt/ros/humble /usr/bin/cmake --install /home/akshay/drone_ws/build/px4_msgs
[158.430s] Level 1:colcon.colcon_core.environment:create_environment_scripts_only(px4_msgs)
[158.431s] DEBUG:colcon.colcon_core.event_handler.log_command:Invoked command in '/home/akshay/drone_ws/build/px4_msgs' returned '0': CMAKE_PREFIX_PATH=/opt/ros/humble /usr/bin/cmake --install /home/akshay/drone_ws/build/px4_msgs
[158.433s] Level 1:colcon.colcon_core.environment:checking '/home/akshay/drone_ws/install/px4_msgs' for CMake module files
[158.434s] Level 1:colcon.colcon_core.environment:checking '/home/akshay/drone_ws/install/px4_msgs' for CMake config files
[158.439s] Level 1:colcon.colcon_core.shell:create_environment_hook('px4_msgs', 'cmake_prefix_path')
[158.440s] INFO:colcon.colcon_core.shell:Creating environment hook '/home/akshay/drone_ws/install/px4_msgs/share/px4_msgs/hook/cmake_prefix_path.ps1'
[158.441s] INFO:colcon.colcon_core.shell:Creating environment descriptor '/home/akshay/drone_ws/install/px4_msgs/share/px4_msgs/hook/cmake_prefix_path.dsv'
[158.441s] INFO:colcon.colcon_core.shell:Creating environment hook '/home/akshay/drone_ws/install/px4_msgs/share/px4_msgs/hook/cmake_prefix_path.sh'
[158.442s] Level 1:colcon.colcon_core.environment:checking '/home/akshay/drone_ws/install/px4_msgs/lib'
[158.442s] Level 1:colcon.colcon_core.shell:create_environment_hook('px4_msgs', 'ld_library_path_lib')
[158.443s] INFO:colcon.colcon_core.shell:Creating environment hook '/home/akshay/drone_ws/install/px4_msgs/share/px4_msgs/hook/ld_library_path_lib.ps1'
[158.443s] INFO:colcon.colcon_core.shell:Creating environment descriptor '/home/akshay/drone_ws/install/px4_msgs/share/px4_msgs/hook/ld_library_path_lib.dsv'
[158.443s] INFO:colcon.colcon_core.shell:Creating environment hook '/home/akshay/drone_ws/install/px4_msgs/share/px4_msgs/hook/ld_library_path_lib.sh'
[158.443s] Level 1:colcon.colcon_core.environment:checking '/home/akshay/drone_ws/install/px4_msgs/bin'
[158.443s] Level 1:colcon.colcon_core.environment:checking '/home/akshay/drone_ws/install/px4_msgs/lib/pkgconfig/px4_msgs.pc'
[158.444s] Level 1:colcon.colcon_core.environment:checking '/home/akshay/drone_ws/install/px4_msgs/lib/python3.10/site-packages'
[158.444s] Level 1:colcon.colcon_core.environment:checking '/home/akshay/drone_ws/install/px4_msgs/bin'
[158.444s] INFO:colcon.colcon_core.shell:Creating package script '/home/akshay/drone_ws/install/px4_msgs/share/px4_msgs/package.ps1'
[158.445s] INFO:colcon.colcon_core.shell:Creating package descriptor '/home/akshay/drone_ws/install/px4_msgs/share/px4_msgs/package.dsv'
[158.446s] INFO:colcon.colcon_core.shell:Creating package script '/home/akshay/drone_ws/install/px4_msgs/share/px4_msgs/package.sh'
[158.446s] INFO:colcon.colcon_core.shell:Creating package script '/home/akshay/drone_ws/install/px4_msgs/share/px4_msgs/package.bash'
[158.447s] INFO:colcon.colcon_core.shell:Creating package script '/home/akshay/drone_ws/install/px4_msgs/share/px4_msgs/package.zsh'
[158.448s] Level 1:colcon.colcon_core.environment:create_file_with_runtime_dependencies(/home/akshay/drone_ws/install/px4_msgs/share/colcon-core/packages/px4_msgs)
[158.448s] Level 1:colcon.colcon_core.environment:create_environment_scripts_only(px4_msgs)
[158.448s] Level 1:colcon.colcon_core.environment:checking '/home/akshay/drone_ws/install/px4_msgs' for CMake module files
[158.449s] Level 1:colcon.colcon_core.environment:checking '/home/akshay/drone_ws/install/px4_msgs' for CMake config files
[158.454s] Level 1:colcon.colcon_core.shell:create_environment_hook('px4_msgs', 'cmake_prefix_path')
[158.454s] INFO:colcon.colcon_core.shell:Creating environment hook '/home/akshay/drone_ws/install/px4_msgs/share/px4_msgs/hook/cmake_prefix_path.ps1'
[158.455s] INFO:colcon.colcon_core.shell:Creating environment descriptor '/home/akshay/drone_ws/install/px4_msgs/share/px4_msgs/hook/cmake_prefix_path.dsv'
[158.455s] INFO:colcon.colcon_core.shell:Creating environment hook '/home/akshay/drone_ws/install/px4_msgs/share/px4_msgs/hook/cmake_prefix_path.sh'
[158.456s] Level 1:colcon.colcon_core.environment:checking '/home/akshay/drone_ws/install/px4_msgs/lib'
[158.456s] Level 1:colcon.colcon_core.shell:create_environment_hook('px4_msgs', 'ld_library_path_lib')
[158.456s] INFO:colcon.colcon_core.shell:Creating environment hook '/home/akshay/drone_ws/install/px4_msgs/share/px4_msgs/hook/ld_library_path_lib.ps1'
[158.456s] INFO:colcon.colcon_core.shell:Creating environment descriptor '/home/akshay/drone_ws/install/px4_msgs/share/px4_msgs/hook/ld_library_path_lib.dsv'
[158.456s] INFO:colcon.colcon_core.shell:Creating environment hook '/home/akshay/drone_ws/install/px4_msgs/share/px4_msgs/hook/ld_library_path_lib.sh'
[158.457s] Level 1:colcon.colcon_core.environment:checking '/home/akshay/drone_ws/install/px4_msgs/bin'
[158.457s] Level 1:colcon.colcon_core.environment:checking '/home/akshay/drone_ws/install/px4_msgs/lib/pkgconfig/px4_msgs.pc'
[158.457s] Level 1:colcon.colcon_core.environment:checking '/home/akshay/drone_ws/install/px4_msgs/lib/python3.10/site-packages'
[158.457s] Level 1:colcon.colcon_core.environment:checking '/home/akshay/drone_ws/install/px4_msgs/bin'
[158.458s] INFO:colcon.colcon_core.shell:Creating package script '/home/akshay/drone_ws/install/px4_msgs/share/px4_msgs/package.ps1'
[158.458s] INFO:colcon.colcon_core.shell:Creating package descriptor '/home/akshay/drone_ws/install/px4_msgs/share/px4_msgs/package.dsv'
[158.459s] INFO:colcon.colcon_core.shell:Creating package script '/home/akshay/drone_ws/install/px4_msgs/share/px4_msgs/package.sh'
[158.459s] INFO:colcon.colcon_core.shell:Creating package script '/home/akshay/drone_ws/install/px4_msgs/share/px4_msgs/package.bash'
[158.460s] INFO:colcon.colcon_core.shell:Creating package script '/home/akshay/drone_ws/install/px4_msgs/share/px4_msgs/package.zsh'
[158.460s] Level 1:colcon.colcon_core.environment:create_file_with_runtime_dependencies(/home/akshay/drone_ws/install/px4_msgs/share/colcon-core/packages/px4_msgs)
[158.460s] INFO:colcon.colcon_ros.task.ament_cmake.build:Building ROS package in '/home/akshay/drone_ws/src/px4_ros_com' with build type 'ament_cmake'
[158.460s] INFO:colcon.colcon_cmake.task.cmake.build:Building CMake package in '/home/akshay/drone_ws/src/px4_ros_com'
[158.461s] INFO:colcon.colcon_core.shell:Skip shell extension 'powershell' for command environment: Not usable outside of PowerShell
[158.461s] DEBUG:colcon.colcon_core.shell:Skip shell extension 'dsv' for command environment
[158.473s] DEBUG:colcon.colcon_core.event_handler.log_command:Invoking command in '/home/akshay/drone_ws/build/px4_ros_com': AMENT_PREFIX_PATH=/home/akshay/drone_ws/install/px4_msgs:${AMENT_PREFIX_PATH} CMAKE_PREFIX_PATH=/home/akshay/drone_ws/install/px4_msgs:/opt/ros/humble LD_LIBRARY_PATH=/home/akshay/drone_ws/install/px4_msgs/lib:/usr/lib/x86_64-linux-gnu/gazebo-11/plugins:/opt/ros/humble/opt/rviz_ogre_vendor/lib:/opt/ros/humble/lib/x86_64-linux-gnu:/opt/ros/humble/lib:/usr/lib/x86_64-linux-gnu/gazebo-11/plugins:/usr/lib/x86_64-linux-gnu/gazebo-11/plugins:/usr/lib/x86_64-linux-gnu/gazebo-11/plugins PYTHONPATH=/home/akshay/drone_ws/install/px4_msgs/local/lib/python3.10/dist-packages:${PYTHONPATH} /usr/bin/cmake /home/akshay/drone_ws/src/px4_ros_com -DCMAKE_INSTALL_PREFIX=/home/akshay/drone_ws/install/px4_ros_com
[159.907s] DEBUG:colcon.colcon_core.event_handler.log_command:Invoked command in '/home/akshay/drone_ws/build/px4_ros_com' returned '0': AMENT_PREFIX_PATH=/home/akshay/drone_ws/install/px4_msgs:${AMENT_PREFIX_PATH} CMAKE_PREFIX_PATH=/home/akshay/drone_ws/install/px4_msgs:/opt/ros/humble LD_LIBRARY_PATH=/home/akshay/drone_ws/install/px4_msgs/lib:/usr/lib/x86_64-linux-gnu/gazebo-11/plugins:/opt/ros/humble/opt/rviz_ogre_vendor/lib:/opt/ros/humble/lib/x86_64-linux-gnu:/opt/ros/humble/lib:/usr/lib/x86_64-linux-gnu/gazebo-11/plugins:/usr/lib/x86_64-linux-gnu/gazebo-11/plugins:/usr/lib/x86_64-linux-gnu/gazebo-11/plugins PYTHONPATH=/home/akshay/drone_ws/install/px4_msgs/local/lib/python3.10/dist-packages:${PYTHONPATH} /usr/bin/cmake /home/akshay/drone_ws/src/px4_ros_com -DCMAKE_INSTALL_PREFIX=/home/akshay/drone_ws/install/px4_ros_com
[159.908s] DEBUG:colcon.colcon_core.event_handler.log_command:Invoking command in '/home/akshay/drone_ws/build/px4_ros_com': AMENT_PREFIX_PATH=/home/akshay/drone_ws/install/px4_msgs:${AMENT_PREFIX_PATH} CMAKE_PREFIX_PATH=/home/akshay/drone_ws/install/px4_msgs:/opt/ros/humble LD_LIBRARY_PATH=/home/akshay/drone_ws/install/px4_msgs/lib:/usr/lib/x86_64-linux-gnu/gazebo-11/plugins:/opt/ros/humble/opt/rviz_ogre_vendor/lib:/opt/ros/humble/lib/x86_64-linux-gnu:/opt/ros/humble/lib:/usr/lib/x86_64-linux-gnu/gazebo-11/plugins:/usr/lib/x86_64-linux-gnu/gazebo-11/plugins:/usr/lib/x86_64-linux-gnu/gazebo-11/plugins PYTHONPATH=/home/akshay/drone_ws/install/px4_msgs/local/lib/python3.10/dist-packages:${PYTHONPATH} /usr/bin/cmake --build /home/akshay/drone_ws/build/px4_ros_com -- -j16 -l16
[174.527s] DEBUG:colcon.colcon_core.event_handler.log_command:Invoked command in '/home/akshay/drone_ws/build/px4_ros_com' returned '0': AMENT_PREFIX_PATH=/home/akshay/drone_ws/install/px4_msgs:${AMENT_PREFIX_PATH} CMAKE_PREFIX_PATH=/home/akshay/drone_ws/install/px4_msgs:/opt/ros/humble LD_LIBRARY_PATH=/home/akshay/drone_ws/install/px4_msgs/lib:/usr/lib/x86_64-linux-gnu/gazebo-11/plugins:/opt/ros/humble/opt/rviz_ogre_vendor/lib:/opt/ros/humble/lib/x86_64-linux-gnu:/opt/ros/humble/lib:/usr/lib/x86_64-linux-gnu/gazebo-11/plugins:/usr/lib/x86_64-linux-gnu/gazebo-11/plugins:/usr/lib/x86_64-linux-gnu/gazebo-11/plugins PYTHONPATH=/home/akshay/drone_ws/install/px4_msgs/local/lib/python3.10/dist-packages:${PYTHONPATH} /usr/bin/cmake --build /home/akshay/drone_ws/build/px4_ros_com -- -j16 -l16
[174.529s] DEBUG:colcon.colcon_core.event_handler.log_command:Invoking command in '/home/akshay/drone_ws/build/px4_ros_com': AMENT_PREFIX_PATH=/home/akshay/drone_ws/install/px4_msgs:${AMENT_PREFIX_PATH} CMAKE_PREFIX_PATH=/home/akshay/drone_ws/install/px4_msgs:/opt/ros/humble LD_LIBRARY_PATH=/home/akshay/drone_ws/install/px4_msgs/lib:/usr/lib/x86_64-linux-gnu/gazebo-11/plugins:/opt/ros/humble/opt/rviz_ogre_vendor/lib:/opt/ros/humble/lib/x86_64-linux-gnu:/opt/ros/humble/lib:/usr/lib/x86_64-linux-gnu/gazebo-11/plugins:/usr/lib/x86_64-linux-gnu/gazebo-11/plugins:/usr/lib/x86_64-linux-gnu/gazebo-11/plugins PYTHONPATH=/home/akshay/drone_ws/install/px4_msgs/local/lib/python3.10/dist-packages:${PYTHONPATH} /usr/bin/cmake --install /home/akshay/drone_ws/build/px4_ros_com
[174.604s] Level 1:colcon.colcon_core.environment:create_environment_scripts_only(px4_ros_com)
[174.605s] Level 1:colcon.colcon_core.environment:checking '/home/akshay/drone_ws/install/px4_ros_com' for CMake module files
[174.605s] DEBUG:colcon.colcon_core.event_handler.log_command:Invoked command in '/home/akshay/drone_ws/build/px4_ros_com' returned '0': AMENT_PREFIX_PATH=/home/akshay/drone_ws/install/px4_msgs:${AMENT_PREFIX_PATH} CMAKE_PREFIX_PATH=/home/akshay/drone_ws/install/px4_msgs:/opt/ros/humble LD_LIBRARY_PATH=/home/akshay/drone_ws/install/px4_msgs/lib:/usr/lib/x86_64-linux-gnu/gazebo-11/plugins:/opt/ros/humble/opt/rviz_ogre_vendor/lib:/opt/ros/humble/lib/x86_64-linux-gnu:/opt/ros/humble/lib:/usr/lib/x86_64-linux-gnu/gazebo-11/plugins:/usr/lib/x86_64-linux-gnu/gazebo-11/plugins:/usr/lib/x86_64-linux-gnu/gazebo-11/plugins PYTHONPATH=/home/akshay/drone_ws/install/px4_msgs/local/lib/python3.10/dist-packages:${PYTHONPATH} /usr/bin/cmake --install /home/akshay/drone_ws/build/px4_ros_com
[174.606s] Level 1:colcon.colcon_core.environment:checking '/home/akshay/drone_ws/install/px4_ros_com' for CMake config files
[174.606s] Level 1:colcon.colcon_core.shell:create_environment_hook('px4_ros_com', 'cmake_prefix_path')
[174.607s] INFO:colcon.colcon_core.shell:Creating environment hook '/home/akshay/drone_ws/install/px4_ros_com/share/px4_ros_com/hook/cmake_prefix_path.ps1'
[174.607s] INFO:colcon.colcon_core.shell:Creating environment descriptor '/home/akshay/drone_ws/install/px4_ros_com/share/px4_ros_com/hook/cmake_prefix_path.dsv'
[174.608s] INFO:colcon.colcon_core.shell:Creating environment hook '/home/akshay/drone_ws/install/px4_ros_com/share/px4_ros_com/hook/cmake_prefix_path.sh'
[174.608s] Level 1:colcon.colcon_core.environment:checking '/home/akshay/drone_ws/install/px4_ros_com/lib'
[174.608s] Level 1:colcon.colcon_core.shell:create_environment_hook('px4_ros_com', 'ld_library_path_lib')
[174.608s] INFO:colcon.colcon_core.shell:Creating environment hook '/home/akshay/drone_ws/install/px4_ros_com/share/px4_ros_com/hook/ld_library_path_lib.ps1'
[174.609s] INFO:colcon.colcon_core.shell:Creating environment descriptor '/home/akshay/drone_ws/install/px4_ros_com/share/px4_ros_com/hook/ld_library_path_lib.dsv'
[174.609s] INFO:colcon.colcon_core.shell:Creating environment hook '/home/akshay/drone_ws/install/px4_ros_com/share/px4_ros_com/hook/ld_library_path_lib.sh'
[174.609s] Level 1:colcon.colcon_core.environment:checking '/home/akshay/drone_ws/install/px4_ros_com/bin'
[174.609s] Level 1:colcon.colcon_core.environment:checking '/home/akshay/drone_ws/install/px4_ros_com/lib/pkgconfig/px4_ros_com.pc'
[174.610s] Level 1:colcon.colcon_core.environment:checking '/home/akshay/drone_ws/install/px4_ros_com/lib/python3.10/site-packages'
[174.610s] Level 1:colcon.colcon_core.environment:checking '/home/akshay/drone_ws/install/px4_ros_com/bin'
[174.610s] INFO:colcon.colcon_core.shell:Creating package script '/home/akshay/drone_ws/install/px4_ros_com/share/px4_ros_com/package.ps1'
[174.611s] INFO:colcon.colcon_core.shell:Creating package descriptor '/home/akshay/drone_ws/install/px4_ros_com/share/px4_ros_com/package.dsv'
[174.611s] INFO:colcon.colcon_core.shell:Creating package script '/home/akshay/drone_ws/install/px4_ros_com/share/px4_ros_com/package.sh'
[174.612s] INFO:colcon.colcon_core.shell:Creating package script '/home/akshay/drone_ws/install/px4_ros_com/share/px4_ros_com/package.bash'
[174.612s] INFO:colcon.colcon_core.shell:Creating package script '/home/akshay/drone_ws/install/px4_ros_com/share/px4_ros_com/package.zsh'
[174.613s] Level 1:colcon.colcon_core.environment:create_file_with_runtime_dependencies(/home/akshay/drone_ws/install/px4_ros_com/share/colcon-core/packages/px4_ros_com)
[174.613s] Level 1:colcon.colcon_core.environment:create_environment_scripts_only(px4_ros_com)
[174.614s] Level 1:colcon.colcon_core.environment:checking '/home/akshay/drone_ws/install/px4_ros_com' for CMake module files
[174.614s] Level 1:colcon.colcon_core.environment:checking '/home/akshay/drone_ws/install/px4_ros_com' for CMake config files
[174.615s] Level 1:colcon.colcon_core.shell:create_environment_hook('px4_ros_com', 'cmake_prefix_path')
[174.615s] INFO:colcon.colcon_core.shell:Creating environment hook '/home/akshay/drone_ws/install/px4_ros_com/share/px4_ros_com/hook/cmake_prefix_path.ps1'
[174.615s] INFO:colcon.colcon_core.shell:Creating environment descriptor '/home/akshay/drone_ws/install/px4_ros_com/share/px4_ros_com/hook/cmake_prefix_path.dsv'
[174.615s] INFO:colcon.colcon_core.shell:Creating environment hook '/home/akshay/drone_ws/install/px4_ros_com/share/px4_ros_com/hook/cmake_prefix_path.sh'
[174.616s] Level 1:colcon.colcon_core.environment:checking '/home/akshay/drone_ws/install/px4_ros_com/lib'
[174.616s] Level 1:colcon.colcon_core.shell:create_environment_hook('px4_ros_com', 'ld_library_path_lib')
[174.616s] INFO:colcon.colcon_core.shell:Creating environment hook '/home/akshay/drone_ws/install/px4_ros_com/share/px4_ros_com/hook/ld_library_path_lib.ps1'
[174.617s] INFO:colcon.colcon_core.shell:Creating environment descriptor '/home/akshay/drone_ws/install/px4_ros_com/share/px4_ros_com/hook/ld_library_path_lib.dsv'
[174.617s] INFO:colcon.colcon_core.shell:Creating environment hook '/home/akshay/drone_ws/install/px4_ros_com/share/px4_ros_com/hook/ld_library_path_lib.sh'
[174.618s] Level 1:colcon.colcon_core.environment:checking '/home/akshay/drone_ws/install/px4_ros_com/bin'
[174.618s] Level 1:colcon.colcon_core.environment:checking '/home/akshay/drone_ws/install/px4_ros_com/lib/pkgconfig/px4_ros_com.pc'
[174.618s] Level 1:colcon.colcon_core.environment:checking '/home/akshay/drone_ws/install/px4_ros_com/lib/python3.10/site-packages'
[174.618s] Level 1:colcon.colcon_core.environment:checking '/home/akshay/drone_ws/install/px4_ros_com/bin'
[174.618s] INFO:colcon.colcon_core.shell:Creating package script '/home/akshay/drone_ws/install/px4_ros_com/share/px4_ros_com/package.ps1'
[174.619s] INFO:colcon.colcon_core.shell:Creating package descriptor '/home/akshay/drone_ws/install/px4_ros_com/share/px4_ros_com/package.dsv'
[174.619s] INFO:colcon.colcon_core.shell:Creating package script '/home/akshay/drone_ws/install/px4_ros_com/share/px4_ros_com/package.sh'
[174.620s] INFO:colcon.colcon_core.shell:Creating package script '/home/akshay/drone_ws/install/px4_ros_com/share/px4_ros_com/package.bash'
[174.620s] INFO:colcon.colcon_core.shell:Creating package script '/home/akshay/drone_ws/install/px4_ros_com/share/px4_ros_com/package.zsh'
[174.621s] Level 1:colcon.colcon_core.environment:create_file_with_runtime_dependencies(/home/akshay/drone_ws/install/px4_ros_com/share/colcon-core/packages/px4_ros_com)
[174.621s] DEBUG:colcon.colcon_parallel_executor.executor.parallel:closing loop
[174.621s] DEBUG:colcon.colcon_parallel_executor.executor.parallel:loop closed
[174.622s] DEBUG:colcon.colcon_parallel_executor.executor.parallel:run_until_complete finished with '0'
[174.622s] DEBUG:colcon.colcon_core.event_reactor:joining thread
[174.628s] INFO:colcon.colcon_core.plugin_system:Skipping extension 'colcon_notification.desktop_notification.terminal_notifier': Not used on non-Darwin systems
[174.628s] INFO:colcon.colcon_core.plugin_system:Skipping extension 'colcon_notification.desktop_notification.win32': Not used on non-Windows systems
[174.628s] INFO:colcon.colcon_notification.desktop_notification:Sending desktop notification using 'notify2'
[174.644s] DEBUG:colcon.colcon_core.event_reactor:joined thread
[174.645s] INFO:colcon.colcon_core.shell:Creating prefix script '/home/akshay/drone_ws/install/local_setup.ps1'
[174.646s] INFO:colcon.colcon_core.shell:Creating prefix util module '/home/akshay/drone_ws/install/_local_setup_util_ps1.py'
[174.647s] INFO:colcon.colcon_core.shell:Creating prefix chain script '/home/akshay/drone_ws/install/setup.ps1'
[174.648s] INFO:colcon.colcon_core.shell:Creating prefix script '/home/akshay/drone_ws/install/local_setup.sh'
[174.648s] INFO:colcon.colcon_core.shell:Creating prefix util module '/home/akshay/drone_ws/install/_local_setup_util_sh.py'
[174.649s] INFO:colcon.colcon_core.shell:Creating prefix chain script '/home/akshay/drone_ws/install/setup.sh'
[174.649s] INFO:colcon.colcon_core.shell:Creating prefix script '/home/akshay/drone_ws/install/local_setup.bash'
[174.650s] INFO:colcon.colcon_core.shell:Creating prefix chain script '/home/akshay/drone_ws/install/setup.bash'
[174.650s] INFO:colcon.colcon_core.shell:Creating prefix script '/home/akshay/drone_ws/install/local_setup.zsh'
[174.651s] INFO:colcon.colcon_core.shell:Creating prefix chain script '/home/akshay/drone_ws/install/setup.zsh'
