[0.014s] Invoking command in '/home/akshay/drone_ws/build/px4_msgs': CMAKE_PREFIX_PATH=${CMAKE_PREFIX_PATH}:/opt/ros/humble /usr/bin/cmake /home/akshay/drone_ws/src/px4_msgs -DCMAKE_INSTALL_PREFIX=/home/akshay/drone_ws/install/px4_msgs
[0.022s] -- Found ament_cmake: 1.3.10 (/opt/ros/humble/share/ament_cmake/cmake)
[0.150s] -- Override CMake install command with custom implementation using symlinks instead of copying resources
[0.163s] -- Found builtin_interfaces: 1.2.1 (/opt/ros/humble/share/builtin_interfaces/cmake)
[0.200s] -- Found rosidl_generator_c: 3.1.5 (/opt/ros/humble/share/rosidl_generator_c/cmake)
[0.202s] -- Found rosidl_adapter: 3.1.5 (/opt/ros/humble/share/rosidl_adapter/cmake)
[0.208s] -- Found rosidl_generator_cpp: 3.1.5 (/opt/ros/humble/share/rosidl_generator_cpp/cmake)
[0.219s] -- Using all available rosidl_typesupport_c: rosidl_typesupport_fastrtps_c;rosidl_typesupport_introspection_c
[0.232s] -- Using all available rosidl_typesupport_cpp: rosidl_typesupport_fastrtps_cpp;rosidl_typesupport_introspection_cpp
[0.245s] -- Found rosidl_default_generators: 1.2.0 (/opt/ros/humble/share/rosidl_default_generators/cmake)
[1.982s] -- Found ament_cmake_cppcheck: 0.12.11 (/opt/ros/humble/share/ament_cmake_cppcheck/cmake)
[1.982s] -- Found ament_cmake_cpplint: 0.12.11 (/opt/ros/humble/share/ament_cmake_cpplint/cmake)
[1.983s] -- Found ament_cmake_uncrustify: 0.12.11 (/opt/ros/humble/share/ament_cmake_uncrustify/cmake)
[1.984s] -- Found ament_cmake_ros: 0.10.0 (/opt/ros/humble/share/ament_cmake_ros/cmake)
[2.276s] -- Using all available rosidl_typesupport_c: rosidl_typesupport_fastrtps_c;rosidl_typesupport_introspection_c
[2.391s] -- Using all available rosidl_typesupport_cpp: rosidl_typesupport_fastrtps_cpp;rosidl_typesupport_introspection_cpp
[2.421s] -- Found python_cmake_module: 0.10.0 (/opt/ros/humble/share/python_cmake_module/cmake)
[2.448s] -- Using PYTHON_EXECUTABLE: /usr/bin/python3
[2.448s] -- Using PYTHON_INCLUDE_DIRS: /usr/include/python3.10
[2.448s] -- Using PYTHON_LIBRARIES: /usr/lib/x86_64-linux-gnu/libpython3.10.so
[2.686s] -- Using numpy include directory: /home/akshay/.local/lib/python3.10/site-packages/numpy/core/include
[2.695s] -- Found ament_cmake_flake8: 0.12.11 (/opt/ros/humble/share/ament_cmake_flake8/cmake)
[2.696s] -- Found ament_cmake_pep257: 0.12.11 (/opt/ros/humble/share/ament_cmake_pep257/cmake)
[2.766s] -- Configuring done
[3.315s] -- Generating done
[3.357s] -- Build files have been written to: /home/akshay/drone_ws/build/px4_msgs
[3.388s] Invoked command in '/home/akshay/drone_ws/build/px4_msgs' returned '0': CMAKE_PREFIX_PATH=${CMAKE_PREFIX_PATH}:/opt/ros/humble /usr/bin/cmake /home/akshay/drone_ws/src/px4_msgs -DCMAKE_INSTALL_PREFIX=/home/akshay/drone_ws/install/px4_msgs
[3.390s] Invoking command in '/home/akshay/drone_ws/build/px4_msgs': CMAKE_PREFIX_PATH=${CMAKE_PREFIX_PATH}:/opt/ros/humble /usr/bin/cmake --build /home/akshay/drone_ws/build/px4_msgs -- -j16 -l16
[4.062s] failed to create symbolic link '/home/akshay/drone_ws/build/px4_msgs/ament_cmake_python/px4_msgs/px4_msgs' because existing path cannot be removed: Is a directory
[4.062s] gmake[2]: *** [CMakeFiles/ament_cmake_python_symlink_px4_msgs.dir/build.make:70: CMakeFiles/ament_cmake_python_symlink_px4_msgs] Error 1
[4.062s] gmake[1]: *** [CMakeFiles/Makefile2:421: CMakeFiles/ament_cmake_python_symlink_px4_msgs.dir/all] Error 2
[4.062s] gmake[1]: *** Waiting for unfinished jobs....
[4.087s] [  0%] Built target px4_msgs__cpp
[4.214s] [ 12%] Built target px4_msgs__rosidl_generator_c
[4.215s] gmake: *** [Makefile:146: all] Error 2
[4.219s] Invoked command in '/home/akshay/drone_ws/build/px4_msgs' returned '2': CMAKE_PREFIX_PATH=${CMAKE_PREFIX_PATH}:/opt/ros/humble /usr/bin/cmake --build /home/akshay/drone_ws/build/px4_msgs -- -j16 -l16
