[0.091s] DEBUG:colcon:Command line arguments: ['/usr/bin/colcon', 'build', '--packages-select', 'px4_ros_com']
[0.091s] DEBUG:colcon:Parsed command line arguments: Namespace(log_base=None, log_level=None, verb_name='build', build_base='build', install_base='install', merge_install=False, symlink_install=False, test_result_base=None, continue_on_error=False, executor='parallel', parallel_workers=16, event_handlers=None, ignore_user_meta=False, metas=['./colcon.meta'], base_paths=['.'], packages_ignore=None, packages_ignore_regex=None, paths=None, packages_up_to=None, packages_up_to_regex=None, packages_above=None, packages_above_and_dependencies=None, packages_above_depth=None, packages_select_by_dep=None, packages_skip_by_dep=None, packages_skip_up_to=None, packages_select_build_failed=False, packages_skip_build_finished=False, packages_select_test_failures=False, packages_skip_test_passed=False, packages_select=['px4_ros_com'], packages_skip=None, packages_select_regex=None, packages_skip_regex=None, packages_start=None, packages_end=None, allow_overriding=[], cmake_args=None, cmake_target=None, cmake_target_skip_unavailable=False, cmake_clean_cache=False, cmake_clean_first=False, cmake_force_configure=False, ament_cmake_args=None, catkin_cmake_args=None, catkin_skip_building_tests=False, verb_parser=<colcon_defaults.argument_parser.defaults.DefaultArgumentsDecorator object at 0x7edcf4367f70>, verb_extension=<colcon_core.verb.build.BuildVerb object at 0x7edcf44c1a80>, main=<bound method BuildVerb.main of <colcon_core.verb.build.BuildVerb object at 0x7edcf44c1a80>>)
[0.291s] Level 1:colcon.colcon_core.package_discovery:discover_packages(colcon_meta) check parameters
[0.291s] Level 1:colcon.colcon_core.package_discovery:discover_packages(recursive) check parameters
[0.291s] Level 1:colcon.colcon_core.package_discovery:discover_packages(ignore) check parameters
[0.291s] Level 1:colcon.colcon_core.package_discovery:discover_packages(path) check parameters
[0.291s] Level 1:colcon.colcon_core.package_discovery:discover_packages(colcon_meta) discover
[0.291s] Level 1:colcon.colcon_core.package_discovery:discover_packages(recursive) discover
[0.291s] INFO:colcon.colcon_core.package_discovery:Crawling recursively for packages in '/home/akshay/drone_ws'
[0.291s] Level 1:colcon.colcon_core.package_identification:_identify(.) by extensions ['ignore', 'ignore_ament_install']
[0.291s] Level 1:colcon.colcon_core.package_identification:_identify(.) by extension 'ignore'
[0.291s] Level 1:colcon.colcon_core.package_identification:_identify(.) by extension 'ignore_ament_install'
[0.291s] Level 1:colcon.colcon_core.package_identification:_identify(.) by extensions ['colcon_pkg']
[0.291s] Level 1:colcon.colcon_core.package_identification:_identify(.) by extension 'colcon_pkg'
[0.291s] Level 1:colcon.colcon_core.package_identification:_identify(.) by extensions ['colcon_meta']
[0.291s] Level 1:colcon.colcon_core.package_identification:_identify(.) by extension 'colcon_meta'
[0.291s] Level 1:colcon.colcon_core.package_identification:_identify(.) by extensions ['ros']
[0.291s] Level 1:colcon.colcon_core.package_identification:_identify(.) by extension 'ros'
[0.300s] Level 1:colcon.colcon_core.package_identification:_identify(.) by extensions ['cmake', 'python']
[0.300s] Level 1:colcon.colcon_core.package_identification:_identify(.) by extension 'cmake'
[0.300s] Level 1:colcon.colcon_core.package_identification:_identify(.) by extension 'python'
[0.300s] Level 1:colcon.colcon_core.package_identification:_identify(.) by extensions ['python_setup_py']
[0.300s] Level 1:colcon.colcon_core.package_identification:_identify(.) by extension 'python_setup_py'
[0.300s] Level 1:colcon.colcon_core.package_identification:_identify(build) by extensions ['ignore', 'ignore_ament_install']
[0.300s] Level 1:colcon.colcon_core.package_identification:_identify(build) by extension 'ignore'
[0.300s] Level 1:colcon.colcon_core.package_identification:_identify(build) ignored
[0.301s] Level 1:colcon.colcon_core.package_identification:_identify(install) by extensions ['ignore', 'ignore_ament_install']
[0.301s] Level 1:colcon.colcon_core.package_identification:_identify(install) by extension 'ignore'
[0.301s] Level 1:colcon.colcon_core.package_identification:_identify(install) ignored
[0.301s] Level 1:colcon.colcon_core.package_identification:_identify(log) by extensions ['ignore', 'ignore_ament_install']
[0.301s] Level 1:colcon.colcon_core.package_identification:_identify(log) by extension 'ignore'
[0.301s] Level 1:colcon.colcon_core.package_identification:_identify(log) ignored
[0.301s] Level 1:colcon.colcon_core.package_identification:_identify(src) by extensions ['ignore', 'ignore_ament_install']
[0.301s] Level 1:colcon.colcon_core.package_identification:_identify(src) by extension 'ignore'
[0.301s] Level 1:colcon.colcon_core.package_identification:_identify(src) by extension 'ignore_ament_install'
[0.301s] Level 1:colcon.colcon_core.package_identification:_identify(src) by extensions ['colcon_pkg']
[0.301s] Level 1:colcon.colcon_core.package_identification:_identify(src) by extension 'colcon_pkg'
[0.301s] Level 1:colcon.colcon_core.package_identification:_identify(src) by extensions ['colcon_meta']
[0.301s] Level 1:colcon.colcon_core.package_identification:_identify(src) by extension 'colcon_meta'
[0.301s] Level 1:colcon.colcon_core.package_identification:_identify(src) by extensions ['ros']
[0.301s] Level 1:colcon.colcon_core.package_identification:_identify(src) by extension 'ros'
[0.301s] Level 1:colcon.colcon_core.package_identification:_identify(src) by extensions ['cmake', 'python']
[0.301s] Level 1:colcon.colcon_core.package_identification:_identify(src) by extension 'cmake'
[0.301s] Level 1:colcon.colcon_core.package_identification:_identify(src) by extension 'python'
[0.301s] Level 1:colcon.colcon_core.package_identification:_identify(src) by extensions ['python_setup_py']
[0.301s] Level 1:colcon.colcon_core.package_identification:_identify(src) by extension 'python_setup_py'
[0.301s] Level 1:colcon.colcon_core.package_identification:_identify(src/px4_msgs) by extensions ['ignore', 'ignore_ament_install']
[0.302s] Level 1:colcon.colcon_core.package_identification:_identify(src/px4_msgs) by extension 'ignore'
[0.302s] Level 1:colcon.colcon_core.package_identification:_identify(src/px4_msgs) by extension 'ignore_ament_install'
[0.302s] Level 1:colcon.colcon_core.package_identification:_identify(src/px4_msgs) by extensions ['colcon_pkg']
[0.302s] Level 1:colcon.colcon_core.package_identification:_identify(src/px4_msgs) by extension 'colcon_pkg'
[0.302s] Level 1:colcon.colcon_core.package_identification:_identify(src/px4_msgs) by extensions ['colcon_meta']
[0.302s] Level 1:colcon.colcon_core.package_identification:_identify(src/px4_msgs) by extension 'colcon_meta'
[0.302s] Level 1:colcon.colcon_core.package_identification:_identify(src/px4_msgs) by extensions ['ros']
[0.302s] Level 1:colcon.colcon_core.package_identification:_identify(src/px4_msgs) by extension 'ros'
[0.304s] DEBUG:colcon.colcon_core.package_identification:Package 'src/px4_msgs' with type 'ros.ament_cmake' and name 'px4_msgs'
[0.304s] Level 1:colcon.colcon_core.package_identification:_identify(src/px4_ros_com) by extensions ['ignore', 'ignore_ament_install']
[0.304s] Level 1:colcon.colcon_core.package_identification:_identify(src/px4_ros_com) by extension 'ignore'
[0.304s] Level 1:colcon.colcon_core.package_identification:_identify(src/px4_ros_com) by extension 'ignore_ament_install'
[0.304s] Level 1:colcon.colcon_core.package_identification:_identify(src/px4_ros_com) by extensions ['colcon_pkg']
[0.304s] Level 1:colcon.colcon_core.package_identification:_identify(src/px4_ros_com) by extension 'colcon_pkg'
[0.304s] Level 1:colcon.colcon_core.package_identification:_identify(src/px4_ros_com) by extensions ['colcon_meta']
[0.304s] Level 1:colcon.colcon_core.package_identification:_identify(src/px4_ros_com) by extension 'colcon_meta'
[0.304s] Level 1:colcon.colcon_core.package_identification:_identify(src/px4_ros_com) by extensions ['ros']
[0.304s] Level 1:colcon.colcon_core.package_identification:_identify(src/px4_ros_com) by extension 'ros'
[0.305s] DEBUG:colcon.colcon_core.package_identification:Package 'src/px4_ros_com' with type 'ros.ament_cmake' and name 'px4_ros_com'
[0.305s] Level 1:colcon.colcon_core.package_discovery:discover_packages(recursive) using defaults
[0.305s] Level 1:colcon.colcon_core.package_discovery:discover_packages(ignore) discover
[0.305s] Level 1:colcon.colcon_core.package_discovery:discover_packages(ignore) using defaults
[0.305s] Level 1:colcon.colcon_core.package_discovery:discover_packages(path) discover
[0.305s] Level 1:colcon.colcon_core.package_discovery:discover_packages(path) using defaults
[0.323s] INFO:colcon.colcon_core.package_selection:Skipping not selected package 'px4_msgs' in 'src/px4_msgs'
[0.324s] Level 1:colcon.colcon_core.package_discovery:discover_packages(prefix_path) check parameters
[0.324s] Level 1:colcon.colcon_core.package_discovery:discover_packages(prefix_path) discover
[0.325s] DEBUG:colcon.colcon_installed_package_information.package_discovery:Found 2 installed packages in /home/akshay/drone_ws/install
[0.326s] DEBUG:colcon.colcon_installed_package_information.package_discovery:Found 439 installed packages in /opt/ros/humble
[0.328s] Level 1:colcon.colcon_core.package_discovery:discover_packages(prefix_path) using defaults
[0.368s] Level 5:colcon.colcon_core.verb:set package 'px4_ros_com' build argument 'cmake_args' from command line to 'None'
[0.368s] Level 5:colcon.colcon_core.verb:set package 'px4_ros_com' build argument 'cmake_target' from command line to 'None'
[0.368s] Level 5:colcon.colcon_core.verb:set package 'px4_ros_com' build argument 'cmake_target_skip_unavailable' from command line to 'False'
[0.368s] Level 5:colcon.colcon_core.verb:set package 'px4_ros_com' build argument 'cmake_clean_cache' from command line to 'False'
[0.368s] Level 5:colcon.colcon_core.verb:set package 'px4_ros_com' build argument 'cmake_clean_first' from command line to 'False'
[0.368s] Level 5:colcon.colcon_core.verb:set package 'px4_ros_com' build argument 'cmake_force_configure' from command line to 'False'
[0.368s] Level 5:colcon.colcon_core.verb:set package 'px4_ros_com' build argument 'ament_cmake_args' from command line to 'None'
[0.368s] Level 5:colcon.colcon_core.verb:set package 'px4_ros_com' build argument 'catkin_cmake_args' from command line to 'None'
[0.368s] Level 5:colcon.colcon_core.verb:set package 'px4_ros_com' build argument 'catkin_skip_building_tests' from command line to 'False'
[0.368s] DEBUG:colcon.colcon_core.verb:Building package 'px4_ros_com' with the following arguments: {'ament_cmake_args': None, 'build_base': '/home/akshay/drone_ws/build/px4_ros_com', 'catkin_cmake_args': None, 'catkin_skip_building_tests': False, 'cmake_args': None, 'cmake_clean_cache': False, 'cmake_clean_first': False, 'cmake_force_configure': False, 'cmake_target': None, 'cmake_target_skip_unavailable': False, 'install_base': '/home/akshay/drone_ws/install/px4_ros_com', 'merge_install': False, 'path': '/home/akshay/drone_ws/src/px4_ros_com', 'symlink_install': False, 'test_result_base': None}
[0.368s] INFO:colcon.colcon_core.executor:Executing jobs using 'parallel' executor
[0.370s] DEBUG:colcon.colcon_parallel_executor.executor.parallel:run_until_complete
[0.370s] INFO:colcon.colcon_ros.task.ament_cmake.build:Building ROS package in '/home/akshay/drone_ws/src/px4_ros_com' with build type 'ament_cmake'
[0.370s] INFO:colcon.colcon_cmake.task.cmake.build:Building CMake package in '/home/akshay/drone_ws/src/px4_ros_com'
[0.372s] INFO:colcon.colcon_core.plugin_system:Skipping extension 'colcon_core.shell.bat': Not used on non-Windows systems
[0.372s] INFO:colcon.colcon_core.shell:Skip shell extension 'powershell' for command environment: Not usable outside of PowerShell
[0.372s] DEBUG:colcon.colcon_core.shell:Skip shell extension 'dsv' for command environment
[0.454s] DEBUG:colcon.colcon_core.event_handler.log_command:Invoking command in '/home/akshay/drone_ws/build/px4_ros_com': CMAKE_PREFIX_PATH=/home/akshay/drone_ws/install/px4_msgs:/home/akshay/drone_ws/install/px4_ros_com:/opt/ros/humble LD_LIBRARY_PATH=/home/akshay/drone_ws/install/px4_msgs/lib:/home/akshay/drone_ws/install/px4_ros_com/lib:/usr/local/cuda-12.8/lib64:/opt/ros/humble/opt/rviz_ogre_vendor/lib:/opt/ros/humble/lib/x86_64-linux-gnu:/opt/ros/humble/lib /usr/bin/cmake --build /home/akshay/drone_ws/build/px4_ros_com -- -j16 -l16
[9.288s] DEBUG:colcon.colcon_core.event_handler.log_command:Invoked command in '/home/akshay/drone_ws/build/px4_ros_com' returned '0': CMAKE_PREFIX_PATH=/home/akshay/drone_ws/install/px4_msgs:/home/akshay/drone_ws/install/px4_ros_com:/opt/ros/humble LD_LIBRARY_PATH=/home/akshay/drone_ws/install/px4_msgs/lib:/home/akshay/drone_ws/install/px4_ros_com/lib:/usr/local/cuda-12.8/lib64:/opt/ros/humble/opt/rviz_ogre_vendor/lib:/opt/ros/humble/lib/x86_64-linux-gnu:/opt/ros/humble/lib /usr/bin/cmake --build /home/akshay/drone_ws/build/px4_ros_com -- -j16 -l16
[9.295s] DEBUG:colcon.colcon_core.event_handler.log_command:Invoking command in '/home/akshay/drone_ws/build/px4_ros_com': CMAKE_PREFIX_PATH=/home/akshay/drone_ws/install/px4_msgs:/home/akshay/drone_ws/install/px4_ros_com:/opt/ros/humble LD_LIBRARY_PATH=/home/akshay/drone_ws/install/px4_msgs/lib:/home/akshay/drone_ws/install/px4_ros_com/lib:/usr/local/cuda-12.8/lib64:/opt/ros/humble/opt/rviz_ogre_vendor/lib:/opt/ros/humble/lib/x86_64-linux-gnu:/opt/ros/humble/lib /usr/bin/cmake --install /home/akshay/drone_ws/build/px4_ros_com
[9.359s] Level 1:colcon.colcon_core.environment:create_environment_scripts_only(px4_ros_com)
[9.360s] DEBUG:colcon.colcon_core.event_handler.log_command:Invoked command in '/home/akshay/drone_ws/build/px4_ros_com' returned '0': CMAKE_PREFIX_PATH=/home/akshay/drone_ws/install/px4_msgs:/home/akshay/drone_ws/install/px4_ros_com:/opt/ros/humble LD_LIBRARY_PATH=/home/akshay/drone_ws/install/px4_msgs/lib:/home/akshay/drone_ws/install/px4_ros_com/lib:/usr/local/cuda-12.8/lib64:/opt/ros/humble/opt/rviz_ogre_vendor/lib:/opt/ros/humble/lib/x86_64-linux-gnu:/opt/ros/humble/lib /usr/bin/cmake --install /home/akshay/drone_ws/build/px4_ros_com
[9.361s] Level 1:colcon.colcon_core.environment:checking '/home/akshay/drone_ws/install/px4_ros_com' for CMake module files
[9.362s] Level 1:colcon.colcon_core.environment:checking '/home/akshay/drone_ws/install/px4_ros_com' for CMake config files
[9.362s] Level 1:colcon.colcon_core.shell:create_environment_hook('px4_ros_com', 'cmake_prefix_path')
[9.362s] INFO:colcon.colcon_core.shell:Creating environment hook '/home/akshay/drone_ws/install/px4_ros_com/share/px4_ros_com/hook/cmake_prefix_path.ps1'
[9.363s] INFO:colcon.colcon_core.shell:Creating environment descriptor '/home/akshay/drone_ws/install/px4_ros_com/share/px4_ros_com/hook/cmake_prefix_path.dsv'
[9.363s] INFO:colcon.colcon_core.shell:Creating environment hook '/home/akshay/drone_ws/install/px4_ros_com/share/px4_ros_com/hook/cmake_prefix_path.sh'
[9.364s] Level 1:colcon.colcon_core.environment:checking '/home/akshay/drone_ws/install/px4_ros_com/lib'
[9.364s] Level 1:colcon.colcon_core.shell:create_environment_hook('px4_ros_com', 'ld_library_path_lib')
[9.364s] INFO:colcon.colcon_core.shell:Creating environment hook '/home/akshay/drone_ws/install/px4_ros_com/share/px4_ros_com/hook/ld_library_path_lib.ps1'
[9.364s] INFO:colcon.colcon_core.shell:Creating environment descriptor '/home/akshay/drone_ws/install/px4_ros_com/share/px4_ros_com/hook/ld_library_path_lib.dsv'
[9.365s] INFO:colcon.colcon_core.shell:Creating environment hook '/home/akshay/drone_ws/install/px4_ros_com/share/px4_ros_com/hook/ld_library_path_lib.sh'
[9.365s] Level 1:colcon.colcon_core.environment:checking '/home/akshay/drone_ws/install/px4_ros_com/bin'
[9.365s] Level 1:colcon.colcon_core.environment:checking '/home/akshay/drone_ws/install/px4_ros_com/lib/pkgconfig/px4_ros_com.pc'
[9.365s] Level 1:colcon.colcon_core.environment:checking '/home/akshay/drone_ws/install/px4_ros_com/lib/python3.10/site-packages'
[9.365s] Level 1:colcon.colcon_core.environment:checking '/home/akshay/drone_ws/install/px4_ros_com/bin'
[9.366s] INFO:colcon.colcon_core.shell:Creating package script '/home/akshay/drone_ws/install/px4_ros_com/share/px4_ros_com/package.ps1'
[9.366s] INFO:colcon.colcon_core.shell:Creating package descriptor '/home/akshay/drone_ws/install/px4_ros_com/share/px4_ros_com/package.dsv'
[9.367s] INFO:colcon.colcon_core.shell:Creating package script '/home/akshay/drone_ws/install/px4_ros_com/share/px4_ros_com/package.sh'
[9.367s] INFO:colcon.colcon_core.shell:Creating package script '/home/akshay/drone_ws/install/px4_ros_com/share/px4_ros_com/package.bash'
[9.367s] INFO:colcon.colcon_core.shell:Creating package script '/home/akshay/drone_ws/install/px4_ros_com/share/px4_ros_com/package.zsh'
[9.368s] Level 1:colcon.colcon_core.environment:create_file_with_runtime_dependencies(/home/akshay/drone_ws/install/px4_ros_com/share/colcon-core/packages/px4_ros_com)
[9.368s] Level 1:colcon.colcon_core.environment:create_environment_scripts_only(px4_ros_com)
[9.368s] Level 1:colcon.colcon_core.environment:checking '/home/akshay/drone_ws/install/px4_ros_com' for CMake module files
[9.369s] Level 1:colcon.colcon_core.environment:checking '/home/akshay/drone_ws/install/px4_ros_com' for CMake config files
[9.369s] Level 1:colcon.colcon_core.shell:create_environment_hook('px4_ros_com', 'cmake_prefix_path')
[9.369s] INFO:colcon.colcon_core.shell:Creating environment hook '/home/akshay/drone_ws/install/px4_ros_com/share/px4_ros_com/hook/cmake_prefix_path.ps1'
[9.369s] INFO:colcon.colcon_core.shell:Creating environment descriptor '/home/akshay/drone_ws/install/px4_ros_com/share/px4_ros_com/hook/cmake_prefix_path.dsv'
[9.370s] INFO:colcon.colcon_core.shell:Creating environment hook '/home/akshay/drone_ws/install/px4_ros_com/share/px4_ros_com/hook/cmake_prefix_path.sh'
[9.370s] Level 1:colcon.colcon_core.environment:checking '/home/akshay/drone_ws/install/px4_ros_com/lib'
[9.370s] Level 1:colcon.colcon_core.shell:create_environment_hook('px4_ros_com', 'ld_library_path_lib')
[9.370s] INFO:colcon.colcon_core.shell:Creating environment hook '/home/akshay/drone_ws/install/px4_ros_com/share/px4_ros_com/hook/ld_library_path_lib.ps1'
[9.370s] INFO:colcon.colcon_core.shell:Creating environment descriptor '/home/akshay/drone_ws/install/px4_ros_com/share/px4_ros_com/hook/ld_library_path_lib.dsv'
[9.371s] INFO:colcon.colcon_core.shell:Creating environment hook '/home/akshay/drone_ws/install/px4_ros_com/share/px4_ros_com/hook/ld_library_path_lib.sh'
[9.371s] Level 1:colcon.colcon_core.environment:checking '/home/akshay/drone_ws/install/px4_ros_com/bin'
[9.371s] Level 1:colcon.colcon_core.environment:checking '/home/akshay/drone_ws/install/px4_ros_com/lib/pkgconfig/px4_ros_com.pc'
[9.371s] Level 1:colcon.colcon_core.environment:checking '/home/akshay/drone_ws/install/px4_ros_com/lib/python3.10/site-packages'
[9.371s] Level 1:colcon.colcon_core.environment:checking '/home/akshay/drone_ws/install/px4_ros_com/bin'
[9.371s] INFO:colcon.colcon_core.shell:Creating package script '/home/akshay/drone_ws/install/px4_ros_com/share/px4_ros_com/package.ps1'
[9.372s] INFO:colcon.colcon_core.shell:Creating package descriptor '/home/akshay/drone_ws/install/px4_ros_com/share/px4_ros_com/package.dsv'
[9.372s] INFO:colcon.colcon_core.shell:Creating package script '/home/akshay/drone_ws/install/px4_ros_com/share/px4_ros_com/package.sh'
[9.373s] INFO:colcon.colcon_core.shell:Creating package script '/home/akshay/drone_ws/install/px4_ros_com/share/px4_ros_com/package.bash'
[9.373s] INFO:colcon.colcon_core.shell:Creating package script '/home/akshay/drone_ws/install/px4_ros_com/share/px4_ros_com/package.zsh'
[9.373s] Level 1:colcon.colcon_core.environment:create_file_with_runtime_dependencies(/home/akshay/drone_ws/install/px4_ros_com/share/colcon-core/packages/px4_ros_com)
[9.373s] DEBUG:colcon.colcon_parallel_executor.executor.parallel:closing loop
[9.374s] DEBUG:colcon.colcon_parallel_executor.executor.parallel:loop closed
[9.374s] DEBUG:colcon.colcon_parallel_executor.executor.parallel:run_until_complete finished with '0'
[9.374s] DEBUG:colcon.colcon_core.event_reactor:joining thread
[9.379s] INFO:colcon.colcon_core.plugin_system:Skipping extension 'colcon_notification.desktop_notification.terminal_notifier': Not used on non-Darwin systems
[9.379s] INFO:colcon.colcon_core.plugin_system:Skipping extension 'colcon_notification.desktop_notification.win32': Not used on non-Windows systems
[9.379s] INFO:colcon.colcon_notification.desktop_notification:Sending desktop notification using 'notify2'
[9.390s] DEBUG:colcon.colcon_core.event_reactor:joined thread
[9.390s] INFO:colcon.colcon_core.shell:Creating prefix script '/home/akshay/drone_ws/install/local_setup.ps1'
[9.391s] INFO:colcon.colcon_core.shell:Creating prefix util module '/home/akshay/drone_ws/install/_local_setup_util_ps1.py'
[9.392s] INFO:colcon.colcon_core.shell:Creating prefix chain script '/home/akshay/drone_ws/install/setup.ps1'
[9.393s] INFO:colcon.colcon_core.shell:Creating prefix script '/home/akshay/drone_ws/install/local_setup.sh'
[9.394s] INFO:colcon.colcon_core.shell:Creating prefix util module '/home/akshay/drone_ws/install/_local_setup_util_sh.py'
[9.394s] INFO:colcon.colcon_core.shell:Creating prefix chain script '/home/akshay/drone_ws/install/setup.sh'
[9.395s] INFO:colcon.colcon_core.shell:Creating prefix script '/home/akshay/drone_ws/install/local_setup.bash'
[9.395s] INFO:colcon.colcon_core.shell:Creating prefix chain script '/home/akshay/drone_ws/install/setup.bash'
[9.396s] INFO:colcon.colcon_core.shell:Creating prefix script '/home/akshay/drone_ws/install/local_setup.zsh'
[9.396s] INFO:colcon.colcon_core.shell:Creating prefix chain script '/home/akshay/drone_ws/install/setup.zsh'
