[0.011s] Invoking command in '/home/akshay/drone_ws/build/px4_ros_com': AMENT_PREFIX_PATH=/home/akshay/drone_ws/install/px4_msgs:${AMENT_PREFIX_PATH} CMAKE_PREFIX_PATH=/home/akshay/drone_ws/install/px4_msgs:/opt/ros/humble LD_LIBRARY_PATH=/home/akshay/drone_ws/install/px4_msgs/lib:/usr/lib/x86_64-linux-gnu/gazebo-11/plugins:/opt/ros/humble/opt/rviz_ogre_vendor/lib:/opt/ros/humble/lib/x86_64-linux-gnu:/opt/ros/humble/lib:/usr/lib/x86_64-linux-gnu/gazebo-11/plugins:/usr/lib/x86_64-linux-gnu/gazebo-11/plugins:/usr/lib/x86_64-linux-gnu/gazebo-11/plugins PYTHONPATH=/home/akshay/drone_ws/install/px4_msgs/local/lib/python3.10/dist-packages:${PYTHONPATH} /usr/bin/cmake /home/akshay/drone_ws/src/px4_ros_com -DCMAKE_INSTALL_PREFIX=/home/akshay/drone_ws/install/px4_ros_com
[0.069s] -- The C compiler identification is GNU 11.4.0
[0.131s] -- The CXX compiler identification is GNU 11.4.0
[0.144s] -- Detecting C compiler ABI info
[0.212s] -- Detecting C compiler ABI info - done
[0.219s] -- Check for working C compiler: /usr/bin/cc - skipped
[0.219s] -- Detecting C compile features
[0.219s] -- Detecting C compile features - done
[0.223s] -- Detecting CXX compiler ABI info
[0.308s] -- Detecting CXX compiler ABI info - done
[0.315s] -- Check for working CXX compiler: /usr/bin/c++ - skipped
[0.315s] -- Detecting CXX compile features
[0.315s] -- Detecting CXX compile features - done
[0.319s] -- Found ament_cmake: 1.3.10 (/opt/ros/humble/share/ament_cmake/cmake)
[0.456s] -- Found Python3: /usr/bin/python3 (found version "3.10.12") found components: Interpreter 
[0.558s] -- Found builtin_interfaces: 1.2.1 (/opt/ros/humble/share/builtin_interfaces/cmake)
[0.601s] -- Found rosidl_generator_c: 3.1.5 (/opt/ros/humble/share/rosidl_generator_c/cmake)
[0.608s] -- Found rosidl_adapter: 3.1.5 (/opt/ros/humble/share/rosidl_adapter/cmake)
[0.618s] -- Found rosidl_generator_cpp: 3.1.5 (/opt/ros/humble/share/rosidl_generator_cpp/cmake)
[0.632s] -- Using all available rosidl_typesupport_c: rosidl_typesupport_fastrtps_c;rosidl_typesupport_introspection_c
[0.653s] -- Using all available rosidl_typesupport_cpp: rosidl_typesupport_fastrtps_cpp;rosidl_typesupport_introspection_cpp
[0.673s] -- Found eigen3_cmake_module: 0.1.1 (/opt/ros/humble/share/eigen3_cmake_module/cmake)
[0.687s] -- Found Eigen3: TRUE (found version "3.4.0") 
[0.692s] -- Found geometry_msgs: 4.2.4 (/opt/ros/humble/share/geometry_msgs/cmake)
[0.739s] -- Found px4_msgs: 2.0.1 (/home/akshay/drone_ws/install/px4_msgs/share/px4_msgs/cmake)
[0.756s] -- Found rclcpp: 16.0.10 (/opt/ros/humble/share/rclcpp/cmake)
[0.839s] -- Found rmw_implementation_cmake: 6.1.2 (/opt/ros/humble/share/rmw_implementation_cmake/cmake)
[0.844s] -- Found rmw_fastrtps_cpp: 6.2.7 (/opt/ros/humble/share/rmw_fastrtps_cpp/cmake)
[0.957s] -- Found OpenSSL: /usr/lib/x86_64-linux-gnu/libcrypto.so (found version "3.0.2")  
[1.000s] -- Found FastRTPS: /opt/ros/humble/include  
[1.060s] -- Using RMW implementation 'rmw_fastrtps_cpp' as default
[1.073s] -- Performing Test CMAKE_HAVE_LIBC_PTHREAD
[1.146s] -- Performing Test CMAKE_HAVE_LIBC_PTHREAD - Success
[1.147s] -- Found Threads: TRUE  
[1.200s] -- Found sensor_msgs: 4.2.4 (/opt/ros/humble/share/sensor_msgs/cmake)
[1.224s] -- Found rclpy: 3.3.14 (/opt/ros/humble/share/rclpy/cmake)
[1.233s] -- Found ament_lint_auto: 0.12.11 (/opt/ros/humble/share/ament_lint_auto/cmake)
[1.358s] -- Added test 'copyright' to check source files copyright and LICENSE
[1.365s] -- Added test 'cppcheck' to perform static code analysis on C / C++ code
[1.365s] -- Configured cppcheck include dirs: /home/akshay/drone_ws/src/px4_ros_com/include;$<BUILD_INTERFACE:/home/akshay/drone_ws/src/px4_ros_com/include/px4_ros_com>
[1.365s] -- Configured cppcheck exclude dirs and/or files: 
[1.372s] -- Added test 'cpplint' to check C / C++ code against the Google style
[1.372s] -- Configured cpplint exclude dirs and/or files: 
[1.373s] -- Added test 'flake8' to check Python code syntax and style conventions
[1.376s] -- Added test 'lint_cmake' to check CMake code style
[1.377s] -- Added test 'pep257' to check Python code against some of the docstring style conventions in PEP 257
[1.384s] -- Added test 'uncrustify' to check C / C++ code style
[1.384s] -- Configured uncrustify additional arguments: 
[1.385s] -- Added test 'xmllint' to check XML markup files
[1.388s] -- Configuring done
[1.418s] -- Generating done
[1.427s] -- Build files have been written to: /home/akshay/drone_ws/build/px4_ros_com
[1.445s] Invoked command in '/home/akshay/drone_ws/build/px4_ros_com' returned '0': AMENT_PREFIX_PATH=/home/akshay/drone_ws/install/px4_msgs:${AMENT_PREFIX_PATH} CMAKE_PREFIX_PATH=/home/akshay/drone_ws/install/px4_msgs:/opt/ros/humble LD_LIBRARY_PATH=/home/akshay/drone_ws/install/px4_msgs/lib:/usr/lib/x86_64-linux-gnu/gazebo-11/plugins:/opt/ros/humble/opt/rviz_ogre_vendor/lib:/opt/ros/humble/lib/x86_64-linux-gnu:/opt/ros/humble/lib:/usr/lib/x86_64-linux-gnu/gazebo-11/plugins:/usr/lib/x86_64-linux-gnu/gazebo-11/plugins:/usr/lib/x86_64-linux-gnu/gazebo-11/plugins PYTHONPATH=/home/akshay/drone_ws/install/px4_msgs/local/lib/python3.10/dist-packages:${PYTHONPATH} /usr/bin/cmake /home/akshay/drone_ws/src/px4_ros_com -DCMAKE_INSTALL_PREFIX=/home/akshay/drone_ws/install/px4_ros_com
[1.447s] Invoking command in '/home/akshay/drone_ws/build/px4_ros_com': AMENT_PREFIX_PATH=/home/akshay/drone_ws/install/px4_msgs:${AMENT_PREFIX_PATH} CMAKE_PREFIX_PATH=/home/akshay/drone_ws/install/px4_msgs:/opt/ros/humble LD_LIBRARY_PATH=/home/akshay/drone_ws/install/px4_msgs/lib:/usr/lib/x86_64-linux-gnu/gazebo-11/plugins:/opt/ros/humble/opt/rviz_ogre_vendor/lib:/opt/ros/humble/lib/x86_64-linux-gnu:/opt/ros/humble/lib:/usr/lib/x86_64-linux-gnu/gazebo-11/plugins:/usr/lib/x86_64-linux-gnu/gazebo-11/plugins:/usr/lib/x86_64-linux-gnu/gazebo-11/plugins PYTHONPATH=/home/akshay/drone_ws/install/px4_msgs/local/lib/python3.10/dist-packages:${PYTHONPATH} /usr/bin/cmake --build /home/akshay/drone_ws/build/px4_ros_com -- -j16 -l16
[1.484s] [ 50%] [32mBuilding CXX object CMakeFiles/offboard_control.dir/src/examples/offboard/offboard_control.cpp.o[0m
[1.484s] [ 50%] [32mBuilding CXX object CMakeFiles/frame_transforms.dir/src/lib/frame_transforms.cpp.o[0m
[1.484s] [ 50%] [32mBuilding CXX object CMakeFiles/sensor_combined_listener.dir/src/examples/listeners/sensor_combined_listener.cpp.o[0m
[1.484s] [ 50%] [32mBuilding CXX object CMakeFiles/vehicle_gps_position_listener.dir/src/examples/listeners/vehicle_gps_position_listener.cpp.o[0m
[1.484s] [ 50%] [32mBuilding CXX object CMakeFiles/debug_vect_advertiser.dir/src/examples/advertisers/debug_vect_advertiser.cpp.o[0m
[1.484s] [ 50%] [32mBuilding CXX object CMakeFiles/offboard_control_srv.dir/src/examples/offboard/offboard_control_srv.cpp.o[0m
[1.489s] [ 50%] Built target ament_cmake_python_copy_px4_ros_com
[1.936s] running egg_info
[1.937s] creating px4_ros_com.egg-info
[1.937s] writing px4_ros_com.egg-info/PKG-INFO
[1.937s] writing dependency_links to px4_ros_com.egg-info/dependency_links.txt
[1.938s] writing top-level names to px4_ros_com.egg-info/top_level.txt
[1.938s] writing manifest file 'px4_ros_com.egg-info/SOURCES.txt'
[1.943s] reading manifest file 'px4_ros_com.egg-info/SOURCES.txt'
[1.944s] writing manifest file 'px4_ros_com.egg-info/SOURCES.txt'
[2.008s] [ 50%] Built target ament_cmake_python_build_px4_ros_com_egg
[9.785s] [ 58%] [32m[1mLinking CXX executable debug_vect_advertiser[0m
[10.128s] [ 58%] Built target debug_vect_advertiser
[10.924s] [ 66%] [32m[1mLinking CXX executable offboard_control_srv[0m
[11.245s] [ 75%] [32m[1mLinking CXX executable offboard_control[0m
[11.335s] [ 75%] Built target offboard_control_srv
[11.620s] [ 75%] Built target offboard_control
[12.938s] [ 83%] [32m[1mLinking CXX shared library libframe_transforms.so[0m
[13.315s] [ 83%] Built target frame_transforms
[15.495s] [ 91%] [32m[1mLinking CXX executable vehicle_gps_position_listener[0m
[15.641s] [100%] [32m[1mLinking CXX executable sensor_combined_listener[0m
[15.927s] [100%] Built target vehicle_gps_position_listener
[16.059s] [100%] Built target sensor_combined_listener
[16.065s] Invoked command in '/home/akshay/drone_ws/build/px4_ros_com' returned '0': AMENT_PREFIX_PATH=/home/akshay/drone_ws/install/px4_msgs:${AMENT_PREFIX_PATH} CMAKE_PREFIX_PATH=/home/akshay/drone_ws/install/px4_msgs:/opt/ros/humble LD_LIBRARY_PATH=/home/akshay/drone_ws/install/px4_msgs/lib:/usr/lib/x86_64-linux-gnu/gazebo-11/plugins:/opt/ros/humble/opt/rviz_ogre_vendor/lib:/opt/ros/humble/lib/x86_64-linux-gnu:/opt/ros/humble/lib:/usr/lib/x86_64-linux-gnu/gazebo-11/plugins:/usr/lib/x86_64-linux-gnu/gazebo-11/plugins:/usr/lib/x86_64-linux-gnu/gazebo-11/plugins PYTHONPATH=/home/akshay/drone_ws/install/px4_msgs/local/lib/python3.10/dist-packages:${PYTHONPATH} /usr/bin/cmake --build /home/akshay/drone_ws/build/px4_ros_com -- -j16 -l16
[16.067s] Invoking command in '/home/akshay/drone_ws/build/px4_ros_com': AMENT_PREFIX_PATH=/home/akshay/drone_ws/install/px4_msgs:${AMENT_PREFIX_PATH} CMAKE_PREFIX_PATH=/home/akshay/drone_ws/install/px4_msgs:/opt/ros/humble LD_LIBRARY_PATH=/home/akshay/drone_ws/install/px4_msgs/lib:/usr/lib/x86_64-linux-gnu/gazebo-11/plugins:/opt/ros/humble/opt/rviz_ogre_vendor/lib:/opt/ros/humble/lib/x86_64-linux-gnu:/opt/ros/humble/lib:/usr/lib/x86_64-linux-gnu/gazebo-11/plugins:/usr/lib/x86_64-linux-gnu/gazebo-11/plugins:/usr/lib/x86_64-linux-gnu/gazebo-11/plugins PYTHONPATH=/home/akshay/drone_ws/install/px4_msgs/local/lib/python3.10/dist-packages:${PYTHONPATH} /usr/bin/cmake --install /home/akshay/drone_ws/build/px4_ros_com
[16.071s] -- Install configuration: ""
[16.071s] -- Installing: /home/akshay/drone_ws/install/px4_ros_com/lib/px4_ros_com/sensor_combined_listener
[16.076s] -- Set runtime path of "/home/akshay/drone_ws/install/px4_ros_com/lib/px4_ros_com/sensor_combined_listener" to ""
[16.076s] -- Installing: /home/akshay/drone_ws/install/px4_ros_com/lib/px4_ros_com/vehicle_gps_position_listener
[16.081s] -- Set runtime path of "/home/akshay/drone_ws/install/px4_ros_com/lib/px4_ros_com/vehicle_gps_position_listener" to ""
[16.081s] -- Installing: /home/akshay/drone_ws/install/px4_ros_com/lib/px4_ros_com/debug_vect_advertiser
[16.082s] -- Set runtime path of "/home/akshay/drone_ws/install/px4_ros_com/lib/px4_ros_com/debug_vect_advertiser" to ""
[16.082s] -- Installing: /home/akshay/drone_ws/install/px4_ros_com/lib/px4_ros_com/offboard_control
[16.084s] -- Set runtime path of "/home/akshay/drone_ws/install/px4_ros_com/lib/px4_ros_com/offboard_control" to ""
[16.084s] -- Installing: /home/akshay/drone_ws/install/px4_ros_com/lib/px4_ros_com/offboard_control_srv
[16.087s] -- Set runtime path of "/home/akshay/drone_ws/install/px4_ros_com/lib/px4_ros_com/offboard_control_srv" to ""
[16.087s] -- Installing: /home/akshay/drone_ws/install/px4_ros_com/share/px4_ros_com/environment/library_path.sh
[16.087s] -- Installing: /home/akshay/drone_ws/install/px4_ros_com/share/px4_ros_com/environment/library_path.dsv
[16.087s] -- Installing: /home/akshay/drone_ws/install/px4_ros_com/include/px4_ros_com
[16.087s] -- Installing: /home/akshay/drone_ws/install/px4_ros_com/include/px4_ros_com/frame_transforms.h
[16.087s] -- Installing: /home/akshay/drone_ws/install/px4_ros_com/lib/libframe_transforms.so
[16.093s] -- Set runtime path of "/home/akshay/drone_ws/install/px4_ros_com/lib/libframe_transforms.so" to ""
[16.093s] -- Installing: /home/akshay/drone_ws/install/px4_ros_com/share/px4_ros_com//launch
[16.093s] -- Installing: /home/akshay/drone_ws/install/px4_ros_com/share/px4_ros_com//launch/sensor_combined_listener.launch.py
[16.094s] -- Installing: /home/akshay/drone_ws/install/px4_ros_com/share/px4_ros_com//launch/offboard_control_launch.yaml
[16.094s] -- Installing: /home/akshay/drone_ws/install/px4_ros_com/share/px4_ros_com//test
[16.094s] -- Installing: /home/akshay/drone_ws/install/px4_ros_com/share/px4_ros_com//test/test_input.py
[16.094s] -- Installing: /home/akshay/drone_ws/install/px4_ros_com/share/px4_ros_com//test/__init__.py
[16.094s] -- Installing: /home/akshay/drone_ws/install/px4_ros_com/share/px4_ros_com//test/pipeline_io_test.py
[16.094s] -- Installing: /home/akshay/drone_ws/install/px4_ros_com/share/px4_ros_com//test/test_output.py
[16.094s] -- Installing: /home/akshay/drone_ws/install/px4_ros_com/share/px4_ros_com/environment/pythonpath.sh
[16.094s] -- Installing: /home/akshay/drone_ws/install/px4_ros_com/share/px4_ros_com/environment/pythonpath.dsv
[16.095s] -- Installing: /home/akshay/drone_ws/install/px4_ros_com/local/lib/python3.10/dist-packages/px4_ros_com-0.1.0-py3.10.egg-info
[16.095s] -- Installing: /home/akshay/drone_ws/install/px4_ros_com/local/lib/python3.10/dist-packages/px4_ros_com-0.1.0-py3.10.egg-info/top_level.txt
[16.095s] -- Installing: /home/akshay/drone_ws/install/px4_ros_com/local/lib/python3.10/dist-packages/px4_ros_com-0.1.0-py3.10.egg-info/PKG-INFO
[16.095s] -- Installing: /home/akshay/drone_ws/install/px4_ros_com/local/lib/python3.10/dist-packages/px4_ros_com-0.1.0-py3.10.egg-info/dependency_links.txt
[16.095s] -- Installing: /home/akshay/drone_ws/install/px4_ros_com/local/lib/python3.10/dist-packages/px4_ros_com-0.1.0-py3.10.egg-info/SOURCES.txt
[16.095s] -- Installing: /home/akshay/drone_ws/install/px4_ros_com/local/lib/python3.10/dist-packages/px4_ros_com
[16.095s] -- Installing: /home/akshay/drone_ws/install/px4_ros_com/local/lib/python3.10/dist-packages/px4_ros_com/__init__.py
[16.096s] -- Installing: /home/akshay/drone_ws/install/px4_ros_com/local/lib/python3.10/dist-packages/px4_ros_com/module_to_import.py
[16.129s] Listing '/home/akshay/drone_ws/install/px4_ros_com/local/lib/python3.10/dist-packages/px4_ros_com'...
[16.129s] Compiling '/home/akshay/drone_ws/install/px4_ros_com/local/lib/python3.10/dist-packages/px4_ros_com/__init__.py'...
[16.129s] Compiling '/home/akshay/drone_ws/install/px4_ros_com/local/lib/python3.10/dist-packages/px4_ros_com/module_to_import.py'...
[16.135s] -- Installing: /home/akshay/drone_ws/install/px4_ros_com/lib/px4_ros_com/offboard_control.py
[16.135s] -- Installing: /home/akshay/drone_ws/install/px4_ros_com/share/ament_index/resource_index/package_run_dependencies/px4_ros_com
[16.136s] -- Installing: /home/akshay/drone_ws/install/px4_ros_com/share/ament_index/resource_index/parent_prefix_path/px4_ros_com
[16.136s] -- Installing: /home/akshay/drone_ws/install/px4_ros_com/share/px4_ros_com/environment/ament_prefix_path.sh
[16.136s] -- Installing: /home/akshay/drone_ws/install/px4_ros_com/share/px4_ros_com/environment/ament_prefix_path.dsv
[16.136s] -- Installing: /home/akshay/drone_ws/install/px4_ros_com/share/px4_ros_com/environment/path.sh
[16.136s] -- Installing: /home/akshay/drone_ws/install/px4_ros_com/share/px4_ros_com/environment/path.dsv
[16.137s] -- Installing: /home/akshay/drone_ws/install/px4_ros_com/share/px4_ros_com/local_setup.bash
[16.137s] -- Installing: /home/akshay/drone_ws/install/px4_ros_com/share/px4_ros_com/local_setup.sh
[16.137s] -- Installing: /home/akshay/drone_ws/install/px4_ros_com/share/px4_ros_com/local_setup.zsh
[16.137s] -- Installing: /home/akshay/drone_ws/install/px4_ros_com/share/px4_ros_com/local_setup.dsv
[16.137s] -- Installing: /home/akshay/drone_ws/install/px4_ros_com/share/px4_ros_com/package.dsv
[16.138s] -- Installing: /home/akshay/drone_ws/install/px4_ros_com/share/ament_index/resource_index/packages/px4_ros_com
[16.138s] -- Installing: /home/akshay/drone_ws/install/px4_ros_com/share/px4_ros_com/cmake/export_frame_transformsExport.cmake
[16.138s] -- Installing: /home/akshay/drone_ws/install/px4_ros_com/share/px4_ros_com/cmake/export_frame_transformsExport-noconfig.cmake
[16.139s] -- Installing: /home/akshay/drone_ws/install/px4_ros_com/share/px4_ros_com/cmake/ament_cmake_export_dependencies-extras.cmake
[16.139s] -- Installing: /home/akshay/drone_ws/install/px4_ros_com/share/px4_ros_com/cmake/ament_cmake_export_targets-extras.cmake
[16.139s] -- Installing: /home/akshay/drone_ws/install/px4_ros_com/share/px4_ros_com/cmake/ament_cmake_export_include_directories-extras.cmake
[16.139s] -- Installing: /home/akshay/drone_ws/install/px4_ros_com/share/px4_ros_com/cmake/ament_cmake_export_libraries-extras.cmake
[16.139s] -- Installing: /home/akshay/drone_ws/install/px4_ros_com/share/px4_ros_com/cmake/px4_ros_comConfig.cmake
[16.140s] -- Installing: /home/akshay/drone_ws/install/px4_ros_com/share/px4_ros_com/cmake/px4_ros_comConfig-version.cmake
[16.140s] -- Installing: /home/akshay/drone_ws/install/px4_ros_com/share/px4_ros_com/package.xml
[16.144s] Invoked command in '/home/akshay/drone_ws/build/px4_ros_com' returned '0': AMENT_PREFIX_PATH=/home/akshay/drone_ws/install/px4_msgs:${AMENT_PREFIX_PATH} CMAKE_PREFIX_PATH=/home/akshay/drone_ws/install/px4_msgs:/opt/ros/humble LD_LIBRARY_PATH=/home/akshay/drone_ws/install/px4_msgs/lib:/usr/lib/x86_64-linux-gnu/gazebo-11/plugins:/opt/ros/humble/opt/rviz_ogre_vendor/lib:/opt/ros/humble/lib/x86_64-linux-gnu:/opt/ros/humble/lib:/usr/lib/x86_64-linux-gnu/gazebo-11/plugins:/usr/lib/x86_64-linux-gnu/gazebo-11/plugins:/usr/lib/x86_64-linux-gnu/gazebo-11/plugins PYTHONPATH=/home/akshay/drone_ws/install/px4_msgs/local/lib/python3.10/dist-packages:${PYTHONPATH} /usr/bin/cmake --install /home/akshay/drone_ws/build/px4_ros_com
